-------------------------------------------------------------------------------
Test set: RestAssured.AzureSample.AppTest
-------------------------------------------------------------------------------
Tests run: 1, Failures: 1, Errors: 0, Skipped: 0, Time elapsed: 0.093 s <<< FAILURE! - in RestAssured.AzureSample.AppTest
shouldAnswerWithTrue(RestAssured.AzureSample.AppTest)  Time elapsed: 0.012 s  <<< FAILURE!
java.lang.AssertionError
	at RestAssured.AzureSample.AppTest.shouldAnswerWithTrue(AppTest.java:18)

